# Logfile created on 2013-12-19 19:39:23 +0000 by logger.rb/36483
D, [2013-12-19T19:40:43.960310 #34138] DEBUG -- : SETTING CHANNELS
D, [2013-12-19T19:40:43.960532 #34138] DEBUG -- : SENDING SUBSCRIBE REQUEST
D, [2013-12-19T19:40:43.995629 #34138] DEBUG -- : ENCODING PATH
D, [2013-12-19T19:40:43.995899 #34138] DEBUG -- : /subscribe/demo/a/0/0
D, [2013-12-19T19:40:44.388714 #34138] DEBUG -- : GOT SUBSCRIBE RESPONSE
D, [2013-12-19T19:40:44.388931 #34138] DEBUG -- : GOT VALID JSON
D, [2013-12-19T19:40:44.389076 #34138] DEBUG -- : HANDLED RESPONSE
D, [2013-12-19T19:40:44.389153 #34138] DEBUG -- : TIMETOKEN UPDATED
I, [2013-12-19T19:40:44.389317 #34138]  INFO -- : CONNECTED: ASYNC SUBSCRIBE CONNECTION
D, [2013-12-19T19:40:44.498548 #34138] DEBUG -- : SETTING CHANNELS
D, [2013-12-19T19:40:44.498720 #34138] DEBUG -- : SENDING SUBSCRIBE REQUEST
D, [2013-12-19T19:40:44.498801 #34138] DEBUG -- : ENCODING PATH
D, [2013-12-19T19:40:44.498912 #34138] DEBUG -- : /subscribe/demo/a/0/13874820420350502
D, [2013-12-19T19:40:44.766482 #34138] DEBUG -- : GOT SUBSCRIBE RESPONSE
D, [2013-12-19T19:40:44.766652 #34138] DEBUG -- : GOT VALID JSON
D, [2013-12-19T19:40:44.766860 #34138] DEBUG -- : ENCODING PATH
D, [2013-12-19T19:40:44.766995 #34138] DEBUG -- : /subscribe/demo/a/0/13874820431664988
D, [2013-12-19T19:40:44.767128 #34138] DEBUG -- : HANDLED RESPONSE
D, [2013-12-19T19:40:44.767203 #34138] DEBUG -- : TIMETOKEN UPDATED
D, [2013-12-19T19:40:44.767281 #34138] DEBUG -- : CALLING SUBSCRIPTION CALLBACK FOR CHANNEL a
D, [2013-12-19T19:40:44.767393 #34138] DEBUG -- : AFTER CALLING SUBSCRIPTION CALLBACK FOR CHANNEL a
D, [2013-12-19T19:40:45.000671 #34138] DEBUG -- : SETTING CHANNELS
D, [2013-12-19T19:40:45.000964 #34138] DEBUG -- : SENDING SUBSCRIBE REQUEST
D, [2013-12-19T19:40:45.001088 #34138] DEBUG -- : ENCODING PATH
D, [2013-12-19T19:40:45.001259 #34138] DEBUG -- : /subscribe/demo/a/0/13874820431664988
D, [2013-12-19T19:40:45.780211 #34138] DEBUG -- : GOT SUBSCRIBE RESPONSE
D, [2013-12-19T19:40:45.780462 #34138] DEBUG -- : GOT VALID JSON
D, [2013-12-19T19:40:45.780596 #34138] DEBUG -- : ENCODING PATH
D, [2013-12-19T19:40:45.780711 #34138] DEBUG -- : /subscribe/demo/a/0/13874820441914700
D, [2013-12-19T19:40:45.780833 #34138] DEBUG -- : HANDLED RESPONSE
D, [2013-12-19T19:40:45.780966 #34138] DEBUG -- : TIMETOKEN UPDATED
D, [2013-12-19T19:40:45.781048 #34138] DEBUG -- : CALLING SUBSCRIPTION CALLBACK FOR CHANNEL a
D, [2013-12-19T19:40:45.782090 #34138] DEBUG -- : AFTER CALLING SUBSCRIPTION CALLBACK FOR CHANNEL a
D, [2013-12-19T19:40:46.006590 #34138] DEBUG -- : SETTING CHANNELS
D, [2013-12-19T19:40:46.006767 #34138] DEBUG -- : SENDING SUBSCRIBE REQUEST
D, [2013-12-19T19:40:46.006849 #34138] DEBUG -- : ENCODING PATH
D, [2013-12-19T19:40:46.006960 #34138] DEBUG -- : /subscribe/demo/a/0/13874820441914700
D, [2013-12-19T19:40:46.652526 #34138] DEBUG -- : GOT SUBSCRIBE RESPONSE
D, [2013-12-19T19:40:46.652945 #34138] DEBUG -- : GOT VALID JSON
D, [2013-12-19T19:40:46.657525 #34138] DEBUG -- : ENCODING PATH
D, [2013-12-19T19:40:46.657718 #34138] DEBUG -- : /subscribe/demo/a/0/13874820451660164
D, [2013-12-19T19:40:46.657847 #34138] DEBUG -- : HANDLED RESPONSE
D, [2013-12-19T19:40:46.657921 #34138] DEBUG -- : TIMETOKEN UPDATED
D, [2013-12-19T19:40:46.657995 #34138] DEBUG -- : CALLING SUBSCRIPTION CALLBACK FOR CHANNEL a
D, [2013-12-19T19:40:46.658099 #34138] DEBUG -- : AFTER CALLING SUBSCRIPTION CALLBACK FOR CHANNEL a
D, [2013-12-19T19:40:46.759780 #34138] DEBUG -- : SETTING CHANNELS
D, [2013-12-19T19:40:46.760058 #34138] DEBUG -- : SENDING SUBSCRIBE REQUEST
D, [2013-12-19T19:40:46.760179 #34138] DEBUG -- : ENCODING PATH
D, [2013-12-19T19:40:46.760349 #34138] DEBUG -- : /subscribe/demo/a/0/13874820451660164
D, [2013-12-19T19:40:47.856673 #34138] DEBUG -- : GOT SUBSCRIBE RESPONSE
D, [2013-12-19T19:40:47.856842 #34138] DEBUG -- : GOT VALID JSON
D, [2013-12-19T19:40:47.856969 #34138] DEBUG -- : ENCODING PATH
D, [2013-12-19T19:40:47.857081 #34138] DEBUG -- : /subscribe/demo/a/0/13874820463699592
D, [2013-12-19T19:40:47.857199 #34138] DEBUG -- : HANDLED RESPONSE
D, [2013-12-19T19:40:47.857315 #34138] DEBUG -- : TIMETOKEN UPDATED
D, [2013-12-19T19:40:47.857391 #34138] DEBUG -- : CALLING SUBSCRIPTION CALLBACK FOR CHANNEL a
D, [2013-12-19T19:40:47.857494 #34138] DEBUG -- : AFTER CALLING SUBSCRIPTION CALLBACK FOR CHANNEL a
D, [2013-12-19T19:40:48.016210 #34138] DEBUG -- : SETTING CHANNELS
D, [2013-12-19T19:40:48.016409 #34138] DEBUG -- : SENDING SUBSCRIBE REQUEST
D, [2013-12-19T19:40:48.016545 #34138] DEBUG -- : ENCODING PATH
D, [2013-12-19T19:40:48.016716 #34138] DEBUG -- : /subscribe/demo/a/0/13874820463699592
D, [2013-12-19T19:40:48.940285 #34138] DEBUG -- : GOT SUBSCRIBE RESPONSE
D, [2013-12-19T19:40:48.940464 #34138] DEBUG -- : GOT VALID JSON
D, [2013-12-19T19:40:48.940588 #34138] DEBUG -- : ENCODING PATH
D, [2013-12-19T19:40:48.940697 #34138] DEBUG -- : /subscribe/demo/a/0/13874820472958232
D, [2013-12-19T19:40:48.940814 #34138] DEBUG -- : HANDLED RESPONSE
D, [2013-12-19T19:40:48.940884 #34138] DEBUG -- : TIMETOKEN UPDATED
D, [2013-12-19T19:40:48.940957 #34138] DEBUG -- : CALLING SUBSCRIPTION CALLBACK FOR CHANNEL a
D, [2013-12-19T19:40:48.941056 #34138] DEBUG -- : AFTER CALLING SUBSCRIPTION CALLBACK FOR CHANNEL a
D, [2013-12-19T19:40:49.021504 #34138] DEBUG -- : SETTING CHANNELS
D, [2013-12-19T19:40:49.021797 #34138] DEBUG -- : SENDING SUBSCRIBE REQUEST
D, [2013-12-19T19:40:49.021928 #34138] DEBUG -- : ENCODING PATH
D, [2013-12-19T19:40:49.022108 #34138] DEBUG -- : /subscribe/demo/a/0/13874820472958232
D, [2013-12-19T19:40:49.961058 #34138] DEBUG -- : GOT SUBSCRIBE RESPONSE
D, [2013-12-19T19:40:49.961232 #34138] DEBUG -- : GOT VALID JSON
D, [2013-12-19T19:40:49.961360 #34138] DEBUG -- : ENCODING PATH
D, [2013-12-19T19:40:49.961480 #34138] DEBUG -- : /subscribe/demo/a/0/13874820484091944
D, [2013-12-19T19:40:49.961603 #34138] DEBUG -- : HANDLED RESPONSE
D, [2013-12-19T19:40:49.961676 #34138] DEBUG -- : TIMETOKEN UPDATED
D, [2013-12-19T19:40:49.961749 #34138] DEBUG -- : CALLING SUBSCRIPTION CALLBACK FOR CHANNEL a
D, [2013-12-19T19:40:49.961852 #34138] DEBUG -- : AFTER CALLING SUBSCRIPTION CALLBACK FOR CHANNEL a
D, [2013-12-19T19:40:50.027557 #34138] DEBUG -- : SETTING CHANNELS
D, [2013-12-19T19:40:50.027737 #34138] DEBUG -- : SENDING SUBSCRIBE REQUEST
D, [2013-12-19T19:40:50.028580 #34138] DEBUG -- : ENCODING PATH
D, [2013-12-19T19:40:50.028707 #34138] DEBUG -- : /subscribe/demo/a/0/13874820484091944
D, [2013-12-19T19:40:50.891536 #34138] DEBUG -- : GOT SUBSCRIBE RESPONSE
D, [2013-12-19T19:40:50.891705 #34138] DEBUG -- : GOT VALID JSON
D, [2013-12-19T19:40:50.891833 #34138] DEBUG -- : ENCODING PATH
D, [2013-12-19T19:40:50.891952 #34138] DEBUG -- : /subscribe/demo/a/0/13874820494023370
D, [2013-12-19T19:40:50.892073 #34138] DEBUG -- : HANDLED RESPONSE
D, [2013-12-19T19:40:50.892146 #34138] DEBUG -- : TIMETOKEN UPDATED
D, [2013-12-19T19:40:50.892219 #34138] DEBUG -- : CALLING SUBSCRIPTION CALLBACK FOR CHANNEL a
D, [2013-12-19T19:40:50.892322 #34138] DEBUG -- : AFTER CALLING SUBSCRIPTION CALLBACK FOR CHANNEL a
D, [2013-12-19T19:40:51.037352 #34138] DEBUG -- : SETTING CHANNELS
D, [2013-12-19T19:40:51.038716 #34138] DEBUG -- : SENDING SUBSCRIBE REQUEST
D, [2013-12-19T19:40:51.040678 #34138] DEBUG -- : ENCODING PATH
D, [2013-12-19T19:40:51.040841 #34138] DEBUG -- : /subscribe/demo/a/0/13874820494023370
D, [2013-12-19T19:40:51.941797 #34138] DEBUG -- : GOT SUBSCRIBE RESPONSE
D, [2013-12-19T19:40:51.941969 #34138] DEBUG -- : GOT VALID JSON
D, [2013-12-19T19:40:51.942093 #34138] DEBUG -- : ENCODING PATH
D, [2013-12-19T19:40:51.942205 #34138] DEBUG -- : /subscribe/demo/a/0/13874820504703628
D, [2013-12-19T19:40:51.942331 #34138] DEBUG -- : HANDLED RESPONSE
D, [2013-12-19T19:40:51.942403 #34138] DEBUG -- : TIMETOKEN UPDATED
D, [2013-12-19T19:40:51.942476 #34138] DEBUG -- : CALLING SUBSCRIPTION CALLBACK FOR CHANNEL a
D, [2013-12-19T19:40:51.942578 #34138] DEBUG -- : AFTER CALLING SUBSCRIPTION CALLBACK FOR CHANNEL a
D, [2013-12-19T19:40:52.043437 #34138] DEBUG -- : SETTING CHANNELS
D, [2013-12-19T19:40:52.043611 #34138] DEBUG -- : SENDING SUBSCRIBE REQUEST
D, [2013-12-19T19:40:52.043693 #34138] DEBUG -- : ENCODING PATH
D, [2013-12-19T19:40:52.043850 #34138] DEBUG -- : /subscribe/demo/a/0/13874820504703628
D, [2013-12-19T19:40:53.078372 #34138] DEBUG -- : GOT SUBSCRIBE RESPONSE
D, [2013-12-19T19:40:53.078634 #34138] DEBUG -- : GOT VALID JSON
D, [2013-12-19T19:40:53.078757 #34138] DEBUG -- : ENCODING PATH
D, [2013-12-19T19:40:53.078863 #34138] DEBUG -- : /subscribe/demo/a/0/13874820516049044
D, [2013-12-19T19:40:53.079046 #34138] DEBUG -- : HANDLED RESPONSE
D, [2013-12-19T19:40:53.079132 #34138] DEBUG -- : TIMETOKEN UPDATED
D, [2013-12-19T19:40:53.079201 #34138] DEBUG -- : CALLING SUBSCRIPTION CALLBACK FOR CHANNEL a
D, [2013-12-19T19:40:53.079292 #34138] DEBUG -- : AFTER CALLING SUBSCRIPTION CALLBACK FOR CHANNEL a
D, [2013-12-19T19:40:53.299172 #34138] DEBUG -- : SETTING CHANNELS
D, [2013-12-19T19:40:53.299398 #34138] DEBUG -- : SENDING SUBSCRIBE REQUEST
D, [2013-12-19T19:40:53.299558 #34138] DEBUG -- : ENCODING PATH
D, [2013-12-19T19:40:53.299731 #34138] DEBUG -- : /subscribe/demo/a/0/13874820516049044
D, [2013-12-19T19:40:54.163502 #34138] DEBUG -- : GOT SUBSCRIBE RESPONSE
D, [2013-12-19T19:40:54.163674 #34138] DEBUG -- : GOT VALID JSON
D, [2013-12-19T19:40:54.163799 #34138] DEBUG -- : ENCODING PATH
D, [2013-12-19T19:40:54.163911 #34138] DEBUG -- : /subscribe/demo/a/0/13874820525914378
D, [2013-12-19T19:40:54.164028 #34138] DEBUG -- : HANDLED RESPONSE
D, [2013-12-19T19:40:54.164100 #34138] DEBUG -- : TIMETOKEN UPDATED
D, [2013-12-19T19:40:54.164173 #34138] DEBUG -- : CALLING SUBSCRIPTION CALLBACK FOR CHANNEL a
D, [2013-12-19T19:40:54.164276 #34138] DEBUG -- : AFTER CALLING SUBSCRIPTION CALLBACK FOR CHANNEL a
D, [2013-12-19T19:40:54.303890 #34138] DEBUG -- : SETTING CHANNELS
D, [2013-12-19T19:40:54.304069 #34138] DEBUG -- : SENDING SUBSCRIBE REQUEST
D, [2013-12-19T19:40:54.304151 #34138] DEBUG -- : ENCODING PATH
D, [2013-12-19T19:40:54.304753 #34138] DEBUG -- : /subscribe/demo/a/0/13874820525914378
D, [2013-12-19T19:40:55.183617 #34138] DEBUG -- : GOT SUBSCRIBE RESPONSE
D, [2013-12-19T19:40:55.183797 #34138] DEBUG -- : GOT VALID JSON
D, [2013-12-19T19:40:55.183923 #34138] DEBUG -- : ENCODING PATH
D, [2013-12-19T19:40:55.184033 #34138] DEBUG -- : /subscribe/demo/a/0/13874820537091144
D, [2013-12-19T19:40:55.184150 #34138] DEBUG -- : HANDLED RESPONSE
D, [2013-12-19T19:40:55.184222 #34138] DEBUG -- : TIMETOKEN UPDATED
D, [2013-12-19T19:40:55.184295 #34138] DEBUG -- : CALLING SUBSCRIPTION CALLBACK FOR CHANNEL a
D, [2013-12-19T19:40:55.184445 #34138] DEBUG -- : AFTER CALLING SUBSCRIPTION CALLBACK FOR CHANNEL a
D, [2013-12-19T19:40:55.309787 #34138] DEBUG -- : SETTING CHANNELS
D, [2013-12-19T19:40:55.309959 #34138] DEBUG -- : SENDING SUBSCRIBE REQUEST
D, [2013-12-19T19:40:55.310041 #34138] DEBUG -- : ENCODING PATH
D, [2013-12-19T19:40:55.310151 #34138] DEBUG -- : /subscribe/demo/a/0/13874820537091144
D, [2013-12-19T19:40:56.299626 #34138] DEBUG -- : GOT SUBSCRIBE RESPONSE
D, [2013-12-19T19:40:56.299802 #34138] DEBUG -- : GOT VALID JSON
D, [2013-12-19T19:40:56.299991 #34138] DEBUG -- : ENCODING PATH
D, [2013-12-19T19:40:56.300107 #34138] DEBUG -- : /subscribe/demo/a/0/13874820548267088
D, [2013-12-19T19:40:56.300227 #34138] DEBUG -- : HANDLED RESPONSE
D, [2013-12-19T19:40:56.300301 #34138] DEBUG -- : TIMETOKEN UPDATED
D, [2013-12-19T19:40:56.300375 #34138] DEBUG -- : CALLING SUBSCRIPTION CALLBACK FOR CHANNEL a
D, [2013-12-19T19:40:56.303131 #34138] DEBUG -- : AFTER CALLING SUBSCRIPTION CALLBACK FOR CHANNEL a
D, [2013-12-19T19:40:56.314322 #34138] DEBUG -- : SETTING CHANNELS
D, [2013-12-19T19:40:56.314582 #34138] DEBUG -- : SENDING SUBSCRIBE REQUEST
D, [2013-12-19T19:40:56.314703 #34138] DEBUG -- : ENCODING PATH
D, [2013-12-19T19:40:56.315034 #34138] DEBUG -- : /subscribe/demo/a/0/13874820548267088
D, [2013-12-19T19:40:57.660575 #34138] DEBUG -- : GOT SUBSCRIBE RESPONSE
D, [2013-12-19T19:40:57.660799 #34138] DEBUG -- : GOT VALID JSON
D, [2013-12-19T19:40:57.660911 #34138] DEBUG -- : ENCODING PATH
D, [2013-12-19T19:40:57.661009 #34138] DEBUG -- : /subscribe/demo/a/0/13874820560828156
D, [2013-12-19T19:40:57.661114 #34138] DEBUG -- : HANDLED RESPONSE
D, [2013-12-19T19:40:57.661214 #34138] DEBUG -- : TIMETOKEN UPDATED
D, [2013-12-19T19:40:57.661280 #34138] DEBUG -- : CALLING SUBSCRIPTION CALLBACK FOR CHANNEL a
D, [2013-12-19T19:40:57.662202 #34138] DEBUG -- : AFTER CALLING SUBSCRIPTION CALLBACK FOR CHANNEL a
D, [2013-12-19T19:40:57.852165 #34138] DEBUG -- : SETTING CHANNELS
D, [2013-12-19T19:40:57.852316 #34138] DEBUG -- : SENDING SUBSCRIBE REQUEST
D, [2013-12-19T19:40:57.852385 #34138] DEBUG -- : ENCODING PATH
D, [2013-12-19T19:40:57.852481 #34138] DEBUG -- : /subscribe/demo/a/0/13874820560828156
D, [2013-12-19T19:40:58.342378 #34138] DEBUG -- : GOT SUBSCRIBE RESPONSE
D, [2013-12-19T19:40:58.342967 #34138] DEBUG -- : GOT VALID JSON
D, [2013-12-19T19:40:58.343091 #34138] DEBUG -- : ENCODING PATH
D, [2013-12-19T19:40:58.343194 #34138] DEBUG -- : /subscribe/demo/a/0/13874820568609396
D, [2013-12-19T19:40:58.343304 #34138] DEBUG -- : HANDLED RESPONSE
D, [2013-12-19T19:40:58.343369 #34138] DEBUG -- : TIMETOKEN UPDATED
D, [2013-12-19T19:40:58.344011 #34138] DEBUG -- : CALLING SUBSCRIPTION CALLBACK FOR CHANNEL a
D, [2013-12-19T19:40:58.344305 #34138] DEBUG -- : AFTER CALLING SUBSCRIPTION CALLBACK FOR CHANNEL a
D, [2013-12-19T19:40:58.358084 #34138] DEBUG -- : SETTING CHANNELS
D, [2013-12-19T19:40:58.358280 #34138] DEBUG -- : SENDING SUBSCRIBE REQUEST
D, [2013-12-19T19:40:58.358357 #34138] DEBUG -- : ENCODING PATH
D, [2013-12-19T19:40:58.359286 #34138] DEBUG -- : /subscribe/demo/a/0/13874820568609396
D, [2013-12-19T19:40:59.517668 #34138] DEBUG -- : GOT SUBSCRIBE RESPONSE
D, [2013-12-19T19:40:59.517828 #34138] DEBUG -- : GOT VALID JSON
D, [2013-12-19T19:40:59.517938 #34138] DEBUG -- : ENCODING PATH
D, [2013-12-19T19:40:59.518035 #34138] DEBUG -- : /subscribe/demo/a/0/13874820580459660
D, [2013-12-19T19:40:59.518138 #34138] DEBUG -- : HANDLED RESPONSE
D, [2013-12-19T19:40:59.518202 #34138] DEBUG -- : TIMETOKEN UPDATED
D, [2013-12-19T19:40:59.518266 #34138] DEBUG -- : CALLING SUBSCRIPTION CALLBACK FOR CHANNEL a
D, [2013-12-19T19:40:59.518489 #34138] DEBUG -- : AFTER CALLING SUBSCRIPTION CALLBACK FOR CHANNEL a
D, [2013-12-19T19:40:59.618012 #34138] DEBUG -- : SETTING CHANNELS
D, [2013-12-19T19:40:59.618285 #34138] DEBUG -- : SENDING SUBSCRIBE REQUEST
D, [2013-12-19T19:40:59.618405 #34138] DEBUG -- : ENCODING PATH
D, [2013-12-19T19:40:59.618573 #34138] DEBUG -- : /subscribe/demo/a/0/13874820580459660
D, [2013-12-19T19:41:00.617462 #34138] DEBUG -- : GOT SUBSCRIBE RESPONSE
D, [2013-12-19T19:41:00.617652 #34138] DEBUG -- : GOT VALID JSON
D, [2013-12-19T19:41:00.620305 #34138] DEBUG -- : ENCODING PATH
D, [2013-12-19T19:41:00.620478 #34138] DEBUG -- : /subscribe/demo/a/0/13874820590772144
D, [2013-12-19T19:41:00.620604 #34138] DEBUG -- : HANDLED RESPONSE
D, [2013-12-19T19:41:00.620683 #34138] DEBUG -- : TIMETOKEN UPDATED
D, [2013-12-19T19:41:00.620757 #34138] DEBUG -- : CALLING SUBSCRIPTION CALLBACK FOR CHANNEL a
D, [2013-12-19T19:41:00.620861 #34138] DEBUG -- : AFTER CALLING SUBSCRIPTION CALLBACK FOR CHANNEL a
D, [2013-12-19T19:41:00.627604 #34138] DEBUG -- : SETTING CHANNELS
D, [2013-12-19T19:41:00.627763 #34138] DEBUG -- : SENDING SUBSCRIBE REQUEST
D, [2013-12-19T19:41:00.627838 #34138] DEBUG -- : ENCODING PATH
D, [2013-12-19T19:41:00.627939 #34138] DEBUG -- : /subscribe/demo/a/0/13874820590772144
D, [2013-12-19T19:41:01.590970 #34138] DEBUG -- : GOT SUBSCRIBE RESPONSE
D, [2013-12-19T19:41:01.591122 #34138] DEBUG -- : GOT VALID JSON
D, [2013-12-19T19:41:01.591315 #34138] DEBUG -- : ENCODING PATH
D, [2013-12-19T19:41:01.591414 #34138] DEBUG -- : /subscribe/demo/a/0/13874820601200092
D, [2013-12-19T19:41:01.591518 #34138] DEBUG -- : HANDLED RESPONSE
D, [2013-12-19T19:41:01.591580 #34138] DEBUG -- : TIMETOKEN UPDATED
D, [2013-12-19T19:41:01.591644 #34138] DEBUG -- : CALLING SUBSCRIPTION CALLBACK FOR CHANNEL a
D, [2013-12-19T19:41:01.595867 #34138] DEBUG -- : AFTER CALLING SUBSCRIPTION CALLBACK FOR CHANNEL a
D, [2013-12-19T19:41:01.631496 #34138] DEBUG -- : SETTING CHANNELS
D, [2013-12-19T19:41:01.633287 #34138] DEBUG -- : SENDING SUBSCRIBE REQUEST
D, [2013-12-19T19:41:01.633520 #34138] DEBUG -- : ENCODING PATH
D, [2013-12-19T19:41:01.633640 #34138] DEBUG -- : /subscribe/demo/a/0/13874820601200092
D, [2013-12-19T19:41:02.761794 #34138] DEBUG -- : GOT SUBSCRIBE RESPONSE
D, [2013-12-19T19:41:02.761948 #34138] DEBUG -- : GOT VALID JSON
D, [2013-12-19T19:41:02.762055 #34138] DEBUG -- : ENCODING PATH
D, [2013-12-19T19:41:02.762149 #34138] DEBUG -- : /subscribe/demo/a/0/13874820612664640
D, [2013-12-19T19:41:02.762250 #34138] DEBUG -- : HANDLED RESPONSE
D, [2013-12-19T19:41:02.762311 #34138] DEBUG -- : TIMETOKEN UPDATED
D, [2013-12-19T19:41:02.762372 #34138] DEBUG -- : CALLING SUBSCRIPTION CALLBACK FOR CHANNEL a
D, [2013-12-19T19:41:02.762460 #34138] DEBUG -- : AFTER CALLING SUBSCRIPTION CALLBACK FOR CHANNEL a
D, [2013-12-19T19:41:02.889346 #34138] DEBUG -- : SETTING CHANNELS
D, [2013-12-19T19:41:02.889508 #34138] DEBUG -- : SENDING SUBSCRIBE REQUEST
D, [2013-12-19T19:41:02.889581 #34138] DEBUG -- : ENCODING PATH
D, [2013-12-19T19:41:02.889683 #34138] DEBUG -- : /subscribe/demo/a/0/13874820612664640
D, [2013-12-19T19:41:03.934902 #34138] DEBUG -- : GOT SUBSCRIBE RESPONSE
D, [2013-12-19T19:41:03.935052 #34138] DEBUG -- : GOT VALID JSON
D, [2013-12-19T19:41:03.935158 #34138] DEBUG -- : ENCODING PATH
D, [2013-12-19T19:41:03.935261 #34138] DEBUG -- : /subscribe/demo/a/0/13874820622844398
D, [2013-12-19T19:41:03.935364 #34138] DEBUG -- : HANDLED RESPONSE
D, [2013-12-19T19:41:03.935426 #34138] DEBUG -- : TIMETOKEN UPDATED
D, [2013-12-19T19:41:03.935488 #34138] DEBUG -- : CALLING SUBSCRIPTION CALLBACK FOR CHANNEL a
D, [2013-12-19T19:41:03.935574 #34138] DEBUG -- : AFTER CALLING SUBSCRIPTION CALLBACK FOR CHANNEL a
D, [2013-12-19T19:41:04.145323 #34138] DEBUG -- : SETTING CHANNELS
D, [2013-12-19T19:41:04.145494 #34138] DEBUG -- : SENDING SUBSCRIBE REQUEST
D, [2013-12-19T19:41:04.145574 #34138] DEBUG -- : ENCODING PATH
D, [2013-12-19T19:41:04.145702 #34138] DEBUG -- : /subscribe/demo/a/0/13874820622844398
D, [2013-12-19T19:41:04.918532 #34138] DEBUG -- : GOT SUBSCRIBE RESPONSE
D, [2013-12-19T19:41:04.918702 #34138] DEBUG -- : GOT VALID JSON
D, [2013-12-19T19:41:04.918836 #34138] DEBUG -- : ENCODING PATH
D, [2013-12-19T19:41:04.918945 #34138] DEBUG -- : /subscribe/demo/a/0/13874820633206604
D, [2013-12-19T19:41:04.919060 #34138] DEBUG -- : HANDLED RESPONSE
D, [2013-12-19T19:41:04.919132 #34138] DEBUG -- : TIMETOKEN UPDATED
D, [2013-12-19T19:41:04.919204 #34138] DEBUG -- : CALLING SUBSCRIPTION CALLBACK FOR CHANNEL a
D, [2013-12-19T19:41:04.919313 #34138] DEBUG -- : AFTER CALLING SUBSCRIPTION CALLBACK FOR CHANNEL a
D, [2013-12-19T19:41:05.150045 #34138] DEBUG -- : SETTING CHANNELS
D, [2013-12-19T19:41:05.150214 #34138] DEBUG -- : SENDING SUBSCRIBE REQUEST
D, [2013-12-19T19:41:05.150293 #34138] DEBUG -- : ENCODING PATH
D, [2013-12-19T19:41:05.150401 #34138] DEBUG -- : /subscribe/demo/a/0/13874820633206604
D, [2013-12-19T19:41:05.833859 #34138] DEBUG -- : GOT SUBSCRIBE RESPONSE
D, [2013-12-19T19:41:05.834030 #34138] DEBUG -- : GOT VALID JSON
D, [2013-12-19T19:41:05.834153 #34138] DEBUG -- : ENCODING PATH
D, [2013-12-19T19:41:05.834262 #34138] DEBUG -- : /subscribe/demo/a/0/13874820643200280
D, [2013-12-19T19:41:05.834390 #34138] DEBUG -- : HANDLED RESPONSE
D, [2013-12-19T19:41:05.834463 #34138] DEBUG -- : TIMETOKEN UPDATED
D, [2013-12-19T19:41:05.834537 #34138] DEBUG -- : CALLING SUBSCRIPTION CALLBACK FOR CHANNEL a
D, [2013-12-19T19:41:05.834637 #34138] DEBUG -- : AFTER CALLING SUBSCRIPTION CALLBACK FOR CHANNEL a
D, [2013-12-19T19:41:05.902969 #34138] DEBUG -- : SETTING CHANNELS
D, [2013-12-19T19:41:05.903206 #34138] DEBUG -- : SENDING SUBSCRIBE REQUEST
D, [2013-12-19T19:41:05.903374 #34138] DEBUG -- : ENCODING PATH
D, [2013-12-19T19:41:05.903571 #34138] DEBUG -- : /subscribe/demo/a/0/13874820643200280
D, [2013-12-19T19:41:06.920495 #34138] DEBUG -- : GOT SUBSCRIBE RESPONSE
D, [2013-12-19T19:41:06.920663 #34138] DEBUG -- : GOT VALID JSON
D, [2013-12-19T19:41:06.920788 #34138] DEBUG -- : ENCODING PATH
D, [2013-12-19T19:41:06.920898 #34138] DEBUG -- : /subscribe/demo/a/0/13874820654449500
D, [2013-12-19T19:41:06.921058 #34138] DEBUG -- : HANDLED RESPONSE
D, [2013-12-19T19:41:06.921132 #34138] DEBUG -- : TIMETOKEN UPDATED
D, [2013-12-19T19:41:06.921204 #34138] DEBUG -- : CALLING SUBSCRIPTION CALLBACK FOR CHANNEL a
D, [2013-12-19T19:41:06.921305 #34138] DEBUG -- : AFTER CALLING SUBSCRIPTION CALLBACK FOR CHANNEL a
D, [2013-12-19T19:41:07.159568 #34138] DEBUG -- : SETTING CHANNELS
D, [2013-12-19T19:41:07.159739 #34138] DEBUG -- : SENDING SUBSCRIBE REQUEST
D, [2013-12-19T19:41:07.159818 #34138] DEBUG -- : ENCODING PATH
D, [2013-12-19T19:41:07.159927 #34138] DEBUG -- : /subscribe/demo/a/0/13874820654449500
D, [2013-12-19T19:41:07.984872 #34138] DEBUG -- : GOT SUBSCRIBE RESPONSE
D, [2013-12-19T19:41:07.985025 #34138] DEBUG -- : GOT VALID JSON
D, [2013-12-19T19:41:07.985132 #34138] DEBUG -- : ENCODING PATH
D, [2013-12-19T19:41:07.985236 #34138] DEBUG -- : /subscribe/demo/a/0/13874820664579572
D, [2013-12-19T19:41:07.985335 #34138] DEBUG -- : HANDLED RESPONSE
D, [2013-12-19T19:41:07.985396 #34138] DEBUG -- : TIMETOKEN UPDATED
D, [2013-12-19T19:41:07.985457 #34138] DEBUG -- : CALLING SUBSCRIPTION CALLBACK FOR CHANNEL a
D, [2013-12-19T19:41:07.985546 #34138] DEBUG -- : AFTER CALLING SUBSCRIPTION CALLBACK FOR CHANNEL a
D, [2013-12-19T19:41:08.164786 #34138] DEBUG -- : SETTING CHANNELS
D, [2013-12-19T19:41:08.164977 #34138] DEBUG -- : SENDING SUBSCRIBE REQUEST
D, [2013-12-19T19:41:08.165059 #34138] DEBUG -- : ENCODING PATH
D, [2013-12-19T19:41:08.165167 #34138] DEBUG -- : /subscribe/demo/a/0/13874820664579572
D, [2013-12-19T19:41:09.008312 #34138] DEBUG -- : GOT SUBSCRIBE RESPONSE
D, [2013-12-19T19:41:09.008479 #34138] DEBUG -- : GOT VALID JSON
D, [2013-12-19T19:41:09.008601 #34138] DEBUG -- : ENCODING PATH
D, [2013-12-19T19:41:09.008709 #34138] DEBUG -- : /subscribe/demo/a/0/13874820675151132
D, [2013-12-19T19:41:09.008822 #34138] DEBUG -- : HANDLED RESPONSE
D, [2013-12-19T19:41:09.008905 #34138] DEBUG -- : TIMETOKEN UPDATED
D, [2013-12-19T19:41:09.008977 #34138] DEBUG -- : CALLING SUBSCRIPTION CALLBACK FOR CHANNEL a
D, [2013-12-19T19:41:09.009077 #34138] DEBUG -- : AFTER CALLING SUBSCRIPTION CALLBACK FOR CHANNEL a
D, [2013-12-19T19:41:09.170123 #34138] DEBUG -- : SETTING CHANNELS
D, [2013-12-19T19:41:09.170273 #34138] DEBUG -- : SENDING SUBSCRIBE REQUEST
D, [2013-12-19T19:41:09.170342 #34138] DEBUG -- : ENCODING PATH
D, [2013-12-19T19:41:09.170438 #34138] DEBUG -- : /subscribe/demo/a/0/13874820675151132
D, [2013-12-19T19:41:10.134547 #34138] DEBUG -- : GOT SUBSCRIBE RESPONSE
D, [2013-12-19T19:41:10.134825 #34138] DEBUG -- : GOT VALID JSON
D, [2013-12-19T19:41:10.134951 #34138] DEBUG -- : ENCODING PATH
D, [2013-12-19T19:41:10.135075 #34138] DEBUG -- : /subscribe/demo/a/0/13874820685967174
D, [2013-12-19T19:41:10.135195 #34138] DEBUG -- : HANDLED RESPONSE
D, [2013-12-19T19:41:10.135267 #34138] DEBUG -- : TIMETOKEN UPDATED
D, [2013-12-19T19:41:10.135340 #34138] DEBUG -- : CALLING SUBSCRIPTION CALLBACK FOR CHANNEL a
D, [2013-12-19T19:41:10.137687 #34138] DEBUG -- : AFTER CALLING SUBSCRIPTION CALLBACK FOR CHANNEL a
D, [2013-12-19T19:41:10.183481 #34138] DEBUG -- : SETTING CHANNELS
D, [2013-12-19T19:41:10.183659 #34138] DEBUG -- : SENDING SUBSCRIBE REQUEST
D, [2013-12-19T19:41:10.183740 #34138] DEBUG -- : ENCODING PATH
D, [2013-12-19T19:41:10.183868 #34138] DEBUG -- : /subscribe/demo/a/0/13874820685967174
D, [2013-12-19T19:41:11.116242 #34138] DEBUG -- : GOT SUBSCRIBE RESPONSE
D, [2013-12-19T19:41:11.116407 #34138] DEBUG -- : GOT VALID JSON
D, [2013-12-19T19:41:11.116543 #34138] DEBUG -- : ENCODING PATH
D, [2013-12-19T19:41:11.116851 #34138] DEBUG -- : /subscribe/demo/a/0/13874820696430266
D, [2013-12-19T19:41:11.116971 #34138] DEBUG -- : HANDLED RESPONSE
D, [2013-12-19T19:41:11.117046 #34138] DEBUG -- : TIMETOKEN UPDATED
D, [2013-12-19T19:41:11.117118 #34138] DEBUG -- : CALLING SUBSCRIPTION CALLBACK FOR CHANNEL a
D, [2013-12-19T19:41:11.118085 #34138] DEBUG -- : AFTER CALLING SUBSCRIPTION CALLBACK FOR CHANNEL a
D, [2013-12-19T19:41:11.189002 #34138] DEBUG -- : SETTING CHANNELS
D, [2013-12-19T19:41:11.189169 #34138] DEBUG -- : SENDING SUBSCRIBE REQUEST
D, [2013-12-19T19:41:11.189280 #34138] DEBUG -- : ENCODING PATH
D, [2013-12-19T19:41:11.189383 #34138] DEBUG -- : /subscribe/demo/a/0/13874820696430266
D, [2013-12-19T19:41:12.387505 #34138] DEBUG -- : GOT SUBSCRIBE RESPONSE
D, [2013-12-19T19:41:12.387768 #34138] DEBUG -- : GOT VALID JSON
D, [2013-12-19T19:41:12.387956 #34138] DEBUG -- : ENCODING PATH
D, [2013-12-19T19:41:12.388123 #34138] DEBUG -- : /subscribe/demo/a/0/13874820708654766
D, [2013-12-19T19:41:12.388299 #34138] DEBUG -- : HANDLED RESPONSE
D, [2013-12-19T19:41:12.388408 #34138] DEBUG -- : TIMETOKEN UPDATED
D, [2013-12-19T19:41:12.388518 #34138] DEBUG -- : CALLING SUBSCRIPTION CALLBACK FOR CHANNEL a
D, [2013-12-19T19:41:12.388674 #34138] DEBUG -- : AFTER CALLING SUBSCRIPTION CALLBACK FOR CHANNEL a
D, [2013-12-19T19:41:12.443705 #34138] DEBUG -- : SETTING CHANNELS
D, [2013-12-19T19:41:12.443859 #34138] DEBUG -- : SENDING SUBSCRIBE REQUEST
D, [2013-12-19T19:41:12.443928 #34138] DEBUG -- : ENCODING PATH
D, [2013-12-19T19:41:12.444207 #34138] DEBUG -- : /subscribe/demo/a/0/13874820708654766
D, [2013-12-19T19:41:13.321126 #34138] DEBUG -- : GOT SUBSCRIBE RESPONSE
D, [2013-12-19T19:41:13.321278 #34138] DEBUG -- : GOT VALID JSON
D, [2013-12-19T19:41:13.321396 #34138] DEBUG -- : ENCODING PATH
D, [2013-12-19T19:41:13.321491 #34138] DEBUG -- : /subscribe/demo/a/0/13874820718482752
D, [2013-12-19T19:41:13.321593 #34138] DEBUG -- : HANDLED RESPONSE
D, [2013-12-19T19:41:13.321655 #34138] DEBUG -- : TIMETOKEN UPDATED
D, [2013-12-19T19:41:13.321719 #34138] DEBUG -- : CALLING SUBSCRIPTION CALLBACK FOR CHANNEL a
D, [2013-12-19T19:41:13.322513 #34138] DEBUG -- : AFTER CALLING SUBSCRIPTION CALLBACK FOR CHANNEL a
D, [2013-12-19T19:41:13.448152 #34138] DEBUG -- : SETTING CHANNELS
D, [2013-12-19T19:41:13.448324 #34138] DEBUG -- : SENDING SUBSCRIBE REQUEST
D, [2013-12-19T19:41:13.448394 #34138] DEBUG -- : ENCODING PATH
D, [2013-12-19T19:41:13.448539 #34138] DEBUG -- : /subscribe/demo/a/0/13874820718482752
D, [2013-12-19T19:41:14.347880 #34138] DEBUG -- : GOT SUBSCRIBE RESPONSE
D, [2013-12-19T19:41:14.348049 #34138] DEBUG -- : GOT VALID JSON
D, [2013-12-19T19:41:14.348182 #34138] DEBUG -- : ENCODING PATH
D, [2013-12-19T19:41:14.348292 #34138] DEBUG -- : /subscribe/demo/a/0/13874820728719252
D, [2013-12-19T19:41:14.348406 #34138] DEBUG -- : HANDLED RESPONSE
D, [2013-12-19T19:41:14.348477 #34138] DEBUG -- : TIMETOKEN UPDATED
D, [2013-12-19T19:41:14.348549 #34138] DEBUG -- : CALLING SUBSCRIPTION CALLBACK FOR CHANNEL a
D, [2013-12-19T19:41:14.348649 #34138] DEBUG -- : AFTER CALLING SUBSCRIPTION CALLBACK FOR CHANNEL a
D, [2013-12-19T19:41:14.452382 #34138] DEBUG -- : SETTING CHANNELS
D, [2013-12-19T19:41:14.452562 #34138] DEBUG -- : SENDING SUBSCRIBE REQUEST
D, [2013-12-19T19:41:14.452645 #34138] DEBUG -- : ENCODING PATH
D, [2013-12-19T19:41:14.452755 #34138] DEBUG -- : /subscribe/demo/a/0/13874820728719252
D, [2013-12-19T19:41:15.561681 #34138] DEBUG -- : GOT SUBSCRIBE RESPONSE
D, [2013-12-19T19:41:15.561836 #34138] DEBUG -- : GOT VALID JSON
D, [2013-12-19T19:41:15.561943 #34138] DEBUG -- : ENCODING PATH
D, [2013-12-19T19:41:15.562036 #34138] DEBUG -- : /subscribe/demo/a/0/13874820740758844
D, [2013-12-19T19:41:15.562144 #34138] DEBUG -- : HANDLED RESPONSE
D, [2013-12-19T19:41:15.562206 #34138] DEBUG -- : TIMETOKEN UPDATED
D, [2013-12-19T19:41:15.562267 #34138] DEBUG -- : CALLING SUBSCRIPTION CALLBACK FOR CHANNEL a
D, [2013-12-19T19:41:15.562356 #34138] DEBUG -- : AFTER CALLING SUBSCRIPTION CALLBACK FOR CHANNEL a
D, [2013-12-19T19:41:15.709706 #34138] DEBUG -- : SETTING CHANNELS
D, [2013-12-19T19:41:15.709857 #34138] DEBUG -- : SENDING SUBSCRIBE REQUEST
D, [2013-12-19T19:41:15.709926 #34138] DEBUG -- : ENCODING PATH
D, [2013-12-19T19:41:15.710034 #34138] DEBUG -- : /subscribe/demo/a/0/13874820740758844
D, [2013-12-19T19:41:16.622416 #34138] DEBUG -- : GOT SUBSCRIBE RESPONSE
D, [2013-12-19T19:41:16.622574 #34138] DEBUG -- : GOT VALID JSON
D, [2013-12-19T19:41:16.623980 #34138] DEBUG -- : ENCODING PATH
D, [2013-12-19T19:41:16.624222 #34138] DEBUG -- : /subscribe/demo/a/0/13874820751443896
D, [2013-12-19T19:41:16.624388 #34138] DEBUG -- : HANDLED RESPONSE
D, [2013-12-19T19:41:16.624457 #34138] DEBUG -- : TIMETOKEN UPDATED
D, [2013-12-19T19:41:16.624522 #34138] DEBUG -- : CALLING SUBSCRIPTION CALLBACK FOR CHANNEL a
D, [2013-12-19T19:41:16.625332 #34138] DEBUG -- : AFTER CALLING SUBSCRIPTION CALLBACK FOR CHANNEL a
D, [2013-12-19T19:41:16.713481 #34138] DEBUG -- : SETTING CHANNELS
D, [2013-12-19T19:41:16.713666 #34138] DEBUG -- : SENDING SUBSCRIBE REQUEST
D, [2013-12-19T19:41:16.713739 #34138] DEBUG -- : ENCODING PATH
D, [2013-12-19T19:41:16.713836 #34138] DEBUG -- : /subscribe/demo/a/0/13874820751443896
D, [2013-12-19T19:41:17.609366 #34138] DEBUG -- : GOT SUBSCRIBE RESPONSE
D, [2013-12-19T19:41:17.609524 #34138] DEBUG -- : GOT VALID JSON
D, [2013-12-19T19:41:17.609636 #34138] DEBUG -- : ENCODING PATH
D, [2013-12-19T19:41:17.609737 #34138] DEBUG -- : /subscribe/demo/a/0/13874820760861732
D, [2013-12-19T19:41:17.609843 #34138] DEBUG -- : HANDLED RESPONSE
D, [2013-12-19T19:41:17.609906 #34138] DEBUG -- : TIMETOKEN UPDATED
D, [2013-12-19T19:41:17.609970 #34138] DEBUG -- : CALLING SUBSCRIPTION CALLBACK FOR CHANNEL a
D, [2013-12-19T19:41:17.610060 #34138] DEBUG -- : AFTER CALLING SUBSCRIPTION CALLBACK FOR CHANNEL a
D, [2013-12-19T19:41:17.718529 #34138] DEBUG -- : SETTING CHANNELS
D, [2013-12-19T19:41:17.718911 #34138] DEBUG -- : SENDING SUBSCRIBE REQUEST
D, [2013-12-19T19:41:17.719216 #34138] DEBUG -- : ENCODING PATH
D, [2013-12-19T19:41:17.719569 #34138] DEBUG -- : /subscribe/demo/a/0/13874820760861732
D, [2013-12-19T19:41:18.587918 #34138] DEBUG -- : GOT SUBSCRIBE RESPONSE
D, [2013-12-19T19:41:18.588085 #34138] DEBUG -- : GOT VALID JSON
D, [2013-12-19T19:41:18.588208 #34138] DEBUG -- : ENCODING PATH
D, [2013-12-19T19:41:18.588316 #34138] DEBUG -- : /subscribe/demo/a/0/13874820771176592
D, [2013-12-19T19:41:18.588441 #34138] DEBUG -- : HANDLED RESPONSE
D, [2013-12-19T19:41:18.588513 #34138] DEBUG -- : TIMETOKEN UPDATED
D, [2013-12-19T19:41:18.588585 #34138] DEBUG -- : CALLING SUBSCRIPTION CALLBACK FOR CHANNEL a
D, [2013-12-19T19:41:18.588686 #34138] DEBUG -- : AFTER CALLING SUBSCRIPTION CALLBACK FOR CHANNEL a
D, [2013-12-19T19:41:18.724981 #34138] DEBUG -- : SETTING CHANNELS
D, [2013-12-19T19:41:18.725133 #34138] DEBUG -- : SENDING SUBSCRIBE REQUEST
D, [2013-12-19T19:41:18.725202 #34138] DEBUG -- : ENCODING PATH
D, [2013-12-19T19:41:18.725297 #34138] DEBUG -- : /subscribe/demo/a/0/13874820771176592
D, [2013-12-19T19:41:19.835718 #34138] DEBUG -- : GOT SUBSCRIBE RESPONSE
D, [2013-12-19T19:41:19.835901 #34138] DEBUG -- : GOT VALID JSON
D, [2013-12-19T19:41:19.836093 #34138] DEBUG -- : ENCODING PATH
D, [2013-12-19T19:41:19.836257 #34138] DEBUG -- : /subscribe/demo/a/0/13874820783523894
D, [2013-12-19T19:41:19.836426 #34138] DEBUG -- : HANDLED RESPONSE
D, [2013-12-19T19:41:19.836530 #34138] DEBUG -- : TIMETOKEN UPDATED
D, [2013-12-19T19:41:19.836594 #34138] DEBUG -- : CALLING SUBSCRIPTION CALLBACK FOR CHANNEL a
D, [2013-12-19T19:41:19.836699 #34138] DEBUG -- : AFTER CALLING SUBSCRIPTION CALLBACK FOR CHANNEL a
D, [2013-12-19T19:41:19.978980 #34138] DEBUG -- : SETTING CHANNELS
D, [2013-12-19T19:41:19.979212 #34138] DEBUG -- : SENDING SUBSCRIBE REQUEST
D, [2013-12-19T19:41:19.979381 #34138] DEBUG -- : ENCODING PATH
D, [2013-12-19T19:41:19.979587 #34138] DEBUG -- : /subscribe/demo/a/0/13874820783523894
D, [2013-12-19T19:41:20.885824 #34138] DEBUG -- : GOT SUBSCRIBE RESPONSE
D, [2013-12-19T19:41:20.885990 #34138] DEBUG -- : GOT VALID JSON
D, [2013-12-19T19:41:20.886112 #34138] DEBUG -- : ENCODING PATH
D, [2013-12-19T19:41:20.886231 #34138] DEBUG -- : /subscribe/demo/a/0/13874820793658760
D, [2013-12-19T19:41:20.886345 #34138] DEBUG -- : HANDLED RESPONSE
D, [2013-12-19T19:41:20.886417 #34138] DEBUG -- : TIMETOKEN UPDATED
D, [2013-12-19T19:41:20.886489 #34138] DEBUG -- : CALLING SUBSCRIPTION CALLBACK FOR CHANNEL a
D, [2013-12-19T19:41:20.886590 #34138] DEBUG -- : AFTER CALLING SUBSCRIPTION CALLBACK FOR CHANNEL a
D, [2013-12-19T19:41:20.984843 #34138] DEBUG -- : SETTING CHANNELS
D, [2013-12-19T19:41:20.985393 #34138] DEBUG -- : SENDING SUBSCRIBE REQUEST
D, [2013-12-19T19:41:20.985639 #34138] DEBUG -- : ENCODING PATH
D, [2013-12-19T19:41:20.985844 #34138] DEBUG -- : /subscribe/demo/a/0/13874820793658760
D, [2013-12-19T19:41:21.820918 #34138] DEBUG -- : GOT SUBSCRIBE RESPONSE
D, [2013-12-19T19:41:21.821087 #34138] DEBUG -- : GOT VALID JSON
D, [2013-12-19T19:41:21.821223 #34138] DEBUG -- : ENCODING PATH
D, [2013-12-19T19:41:21.821335 #34138] DEBUG -- : /subscribe/demo/a/0/13874820803237846
D, [2013-12-19T19:41:21.821453 #34138] DEBUG -- : HANDLED RESPONSE
D, [2013-12-19T19:41:21.821526 #34138] DEBUG -- : TIMETOKEN UPDATED
D, [2013-12-19T19:41:21.821598 #34138] DEBUG -- : CALLING SUBSCRIPTION CALLBACK FOR CHANNEL a
D, [2013-12-19T19:41:21.822647 #34138] DEBUG -- : AFTER CALLING SUBSCRIPTION CALLBACK FOR CHANNEL a
D, [2013-12-19T19:41:21.990054 #34138] DEBUG -- : SETTING CHANNELS
D, [2013-12-19T19:41:21.990330 #34138] DEBUG -- : SENDING SUBSCRIBE REQUEST
D, [2013-12-19T19:41:21.990453 #34138] DEBUG -- : ENCODING PATH
D, [2013-12-19T19:41:21.990620 #34138] DEBUG -- : /subscribe/demo/a/0/13874820803237846
E, [2013-12-19T19:41:22.824104 #34138] ERROR -- : AN ERROR OCCURRED: YOU ARE ALREADY SUBSCRIBED TO THAT CHANNEL
E, [2013-12-19T19:41:22.824281 #34138] ERROR -- : YOU ARE ALREADY SUBSCRIBED TO THAT CHANNEL
D, [2013-12-19T19:41:23.040934 #34138] DEBUG -- : GOT SUBSCRIBE RESPONSE
D, [2013-12-19T19:41:23.041097 #34138] DEBUG -- : GOT VALID JSON
D, [2013-12-19T19:41:23.041222 #34138] DEBUG -- : ENCODING PATH
D, [2013-12-19T19:41:23.041331 #34138] DEBUG -- : /subscribe/demo/a/0/13874820813812700
D, [2013-12-19T19:41:23.041448 #34138] DEBUG -- : HANDLED RESPONSE
D, [2013-12-19T19:41:23.041518 #34138] DEBUG -- : TIMETOKEN UPDATED
D, [2013-12-19T19:41:23.041591 #34138] DEBUG -- : CALLING SUBSCRIPTION CALLBACK FOR CHANNEL a
D, [2013-12-19T19:41:23.041690 #34138] DEBUG -- : AFTER CALLING SUBSCRIPTION CALLBACK FOR CHANNEL a
D, [2013-12-19T19:41:23.246664 #34138] DEBUG -- : SETTING CHANNELS
D, [2013-12-19T19:41:23.246840 #34138] DEBUG -- : SENDING SUBSCRIBE REQUEST
D, [2013-12-19T19:41:23.246921 #34138] DEBUG -- : ENCODING PATH
D, [2013-12-19T19:41:23.247050 #34138] DEBUG -- : /subscribe/demo/a/0/13874820813812700
D, [2013-12-19T19:41:23.901505 #34138] DEBUG -- : GOT SUBSCRIBE RESPONSE
D, [2013-12-19T19:41:23.901928 #34138] DEBUG -- : GOT VALID JSON
D, [2013-12-19T19:41:23.902230 #34138] DEBUG -- : ENCODING PATH
D, [2013-12-19T19:41:23.902404 #34138] DEBUG -- : /subscribe/demo/a/0/13874820824307784
D, [2013-12-19T19:41:23.902584 #34138] DEBUG -- : HANDLED RESPONSE
D, [2013-12-19T19:41:23.902693 #34138] DEBUG -- : TIMETOKEN UPDATED
D, [2013-12-19T19:41:23.902801 #34138] DEBUG -- : CALLING SUBSCRIPTION CALLBACK FOR CHANNEL a
D, [2013-12-19T19:41:23.903434 #34138] DEBUG -- : AFTER CALLING SUBSCRIPTION CALLBACK FOR CHANNEL a
D, [2013-12-19T19:41:24.001011 #34138] DEBUG -- : SETTING CHANNELS
D, [2013-12-19T19:41:24.001289 #34138] DEBUG -- : SENDING SUBSCRIBE REQUEST
D, [2013-12-19T19:41:24.001411 #34138] DEBUG -- : ENCODING PATH
D, [2013-12-19T19:41:24.001581 #34138] DEBUG -- : /subscribe/demo/a/0/13874820824307784
E, [2013-12-19T19:41:24.824239 #34138] ERROR -- : GOT SUBSCRIBE ERROR
E, [2013-12-19T19:41:24.824475 #34138] ERROR -- : AN ERROR OCCURRED: [0, "connection closed by server"]
D, [2013-12-19T19:41:24.825000 #34138] DEBUG -- : SENDING OTHER REQUEST
D, [2013-12-19T19:41:24.832585 #34138] DEBUG -- : ENCODING PATH
D, [2013-12-19T19:41:24.832791 #34138] DEBUG -- : /v2/presence/sub-key/demo/channel/a/leave
D, [2013-12-19T19:41:25.391856 #34138] DEBUG -- : GOT OTHER RESPONSE
D, [2013-12-19T19:41:25.392113 #34138] DEBUG -- : ENCODING PATH
D, [2013-12-19T19:41:25.392229 #34138] DEBUG -- : /v2/presence/sub-key/demo/channel/a/leave
D, [2013-12-19T19:41:25.392350 #34138] DEBUG -- : CALLING PARAMETER CALLBACK
D, [2013-12-19T19:43:29.146858 #34138] DEBUG -- : SETTING CHANNELS
D, [2013-12-19T19:43:29.147027 #34138] DEBUG -- : SENDING SUBSCRIBE REQUEST
D, [2013-12-19T19:43:29.147106 #34138] DEBUG -- : ENCODING PATH
D, [2013-12-19T19:43:29.147216 #34138] DEBUG -- : /subscribe/demo/demo/0/0
D, [2013-12-19T19:43:29.226775 #34138] DEBUG -- : GOT SUBSCRIBE RESPONSE
D, [2013-12-19T19:43:29.227051 #34138] DEBUG -- : GOT VALID JSON
D, [2013-12-19T19:43:29.227228 #34138] DEBUG -- : HANDLED RESPONSE
D, [2013-12-19T19:43:29.227342 #34138] DEBUG -- : TIMETOKEN UPDATED
D, [2013-12-19T19:43:29.500343 #34138] DEBUG -- : SETTING CHANNELS
D, [2013-12-19T19:43:29.500614 #34138] DEBUG -- : SENDING SUBSCRIBE REQUEST
D, [2013-12-19T19:43:29.500735 #34138] DEBUG -- : ENCODING PATH
D, [2013-12-19T19:43:29.500903 #34138] DEBUG -- : /subscribe/demo/demo/0/13874822076553020
E, [2013-12-19T19:43:53.337244 #34138] ERROR -- : AN ERROR OCCURRED: YOU ARE ALREADY SUBSCRIBED TO THAT CHANNEL
E, [2013-12-19T19:43:53.337474 #34138] ERROR -- : YOU ARE ALREADY SUBSCRIBED TO THAT CHANNEL
D, [2013-12-19T19:48:10.121796 #34138] DEBUG -- : GOT SUBSCRIBE RESPONSE
D, [2013-12-19T19:48:10.122000 #34138] DEBUG -- : GOT VALID JSON
D, [2013-12-19T19:48:10.122114 #34138] DEBUG -- : HANDLED RESPONSE
D, [2013-12-19T19:48:10.122183 #34138] DEBUG -- : TIMETOKEN UPDATED
D, [2013-12-19T19:48:10.212554 #34138] DEBUG -- : SETTING CHANNELS
D, [2013-12-19T19:48:10.212756 #34138] DEBUG -- : SENDING SUBSCRIBE REQUEST
D, [2013-12-19T19:48:10.212833 #34138] DEBUG -- : ENCODING PATH
D, [2013-12-19T19:48:10.212936 #34138] DEBUG -- : /subscribe/demo/demo/0/13874824879620966
D, [2013-12-19T19:52:50.336501 #34138] DEBUG -- : GOT SUBSCRIBE RESPONSE
D, [2013-12-19T19:52:50.337155 #34138] DEBUG -- : GOT VALID JSON
D, [2013-12-19T19:52:50.337276 #34138] DEBUG -- : HANDLED RESPONSE
D, [2013-12-19T19:52:50.337352 #34138] DEBUG -- : TIMETOKEN UPDATED
D, [2013-12-19T19:52:50.428605 #34138] DEBUG -- : SETTING CHANNELS
D, [2013-12-19T19:52:50.428779 #34138] DEBUG -- : SENDING SUBSCRIBE REQUEST
D, [2013-12-19T19:52:50.428858 #34138] DEBUG -- : ENCODING PATH
D, [2013-12-19T19:52:50.428967 #34138] DEBUG -- : /subscribe/demo/demo/0/13874827686857619
D, [2013-12-19T19:57:30.503585 #34138] DEBUG -- : GOT SUBSCRIBE RESPONSE
D, [2013-12-19T19:57:30.506701 #34138] DEBUG -- : GOT VALID JSON
D, [2013-12-19T19:57:30.506887 #34138] DEBUG -- : HANDLED RESPONSE
D, [2013-12-19T19:57:30.507039 #34138] DEBUG -- : TIMETOKEN UPDATED
D, [2013-12-19T19:57:30.597803 #34138] DEBUG -- : SETTING CHANNELS
D, [2013-12-19T19:57:30.598030 #34138] DEBUG -- : SENDING SUBSCRIBE REQUEST
D, [2013-12-19T19:57:30.598106 #34138] DEBUG -- : ENCODING PATH
D, [2013-12-19T19:57:30.598402 #34138] DEBUG -- : /subscribe/demo/demo/0/13874830489028123
D, [2013-12-19T20:02:11.408407 #34138] DEBUG -- : GOT SUBSCRIBE RESPONSE
D, [2013-12-19T20:02:11.411964 #34138] DEBUG -- : GOT VALID JSON
D, [2013-12-19T20:02:11.413528 #34138] DEBUG -- : HANDLED RESPONSE
D, [2013-12-19T20:02:11.413676 #34138] DEBUG -- : TIMETOKEN UPDATED
D, [2013-12-19T20:02:11.505517 #34138] DEBUG -- : SETTING CHANNELS
D, [2013-12-19T20:02:11.505668 #34138] DEBUG -- : SENDING SUBSCRIBE REQUEST
D, [2013-12-19T20:02:11.506578 #34138] DEBUG -- : ENCODING PATH
D, [2013-12-19T20:02:11.506678 #34138] DEBUG -- : /subscribe/demo/demo/0/13874833290745789
D, [2013-12-19T20:06:51.643832 #34138] DEBUG -- : GOT SUBSCRIBE RESPONSE
D, [2013-12-19T20:06:51.644005 #34138] DEBUG -- : GOT VALID JSON
D, [2013-12-19T20:06:51.644131 #34138] DEBUG -- : HANDLED RESPONSE
D, [2013-12-19T20:06:51.644207 #34138] DEBUG -- : TIMETOKEN UPDATED
D, [2013-12-19T20:06:51.917001 #34138] DEBUG -- : SETTING CHANNELS
D, [2013-12-19T20:06:51.917290 #34138] DEBUG -- : SENDING SUBSCRIBE REQUEST
D, [2013-12-19T20:06:51.917419 #34138] DEBUG -- : ENCODING PATH
D, [2013-12-19T20:06:51.917596 #34138] DEBUG -- : /subscribe/demo/demo/0/13874836099900697
D, [2013-12-19T20:11:31.987816 #34138] DEBUG -- : GOT SUBSCRIBE RESPONSE
D, [2013-12-19T20:11:31.988003 #34138] DEBUG -- : GOT VALID JSON
D, [2013-12-19T20:11:31.988115 #34138] DEBUG -- : HANDLED RESPONSE
D, [2013-12-19T20:11:31.988245 #34138] DEBUG -- : TIMETOKEN UPDATED
D, [2013-12-19T20:11:32.169851 #34138] DEBUG -- : SETTING CHANNELS
D, [2013-12-19T20:11:32.170311 #34138] DEBUG -- : SENDING SUBSCRIBE REQUEST
D, [2013-12-19T20:11:32.170792 #34138] DEBUG -- : ENCODING PATH
D, [2013-12-19T20:11:32.170922 #34138] DEBUG -- : /subscribe/demo/demo/0/13874838904053049
D, [2013-12-19T20:16:14.898560 #34138] DEBUG -- : GOT SUBSCRIBE RESPONSE
D, [2013-12-19T20:16:14.899170 #34138] DEBUG -- : GOT VALID JSON
D, [2013-12-19T20:16:14.899284 #34138] DEBUG -- : HANDLED RESPONSE
D, [2013-12-19T20:16:14.899477 #34138] DEBUG -- : TIMETOKEN UPDATED
D, [2013-12-19T20:16:14.989811 #34138] DEBUG -- : SETTING CHANNELS
D, [2013-12-19T20:16:14.989994 #34138] DEBUG -- : SENDING SUBSCRIBE REQUEST
D, [2013-12-19T20:16:14.990602 #34138] DEBUG -- : ENCODING PATH
D, [2013-12-19T20:16:14.990700 #34138] DEBUG -- : /subscribe/demo/demo/0/13874841706617894
D, [2013-12-19T20:20:55.410032 #34138] DEBUG -- : GOT SUBSCRIBE RESPONSE
D, [2013-12-19T20:20:55.410479 #34138] DEBUG -- : GOT VALID JSON
D, [2013-12-19T20:20:55.410587 #34138] DEBUG -- : HANDLED RESPONSE
D, [2013-12-19T20:20:55.410690 #34138] DEBUG -- : TIMETOKEN UPDATED
D, [2013-12-19T20:20:55.410839 #34138] DEBUG -- : SETTING CHANNELS
D, [2013-12-19T20:20:55.410902 #34138] DEBUG -- : SENDING SUBSCRIBE REQUEST
D, [2013-12-19T20:20:55.410965 #34138] DEBUG -- : ENCODING PATH
D, [2013-12-19T20:20:55.411052 #34138] DEBUG -- : /subscribe/demo/demo/0/13874844534839993
D, [2013-12-19T20:25:35.477829 #34138] DEBUG -- : GOT SUBSCRIBE RESPONSE
D, [2013-12-19T20:25:35.478336 #34138] DEBUG -- : GOT VALID JSON
D, [2013-12-19T20:25:35.478442 #34138] DEBUG -- : HANDLED RESPONSE
D, [2013-12-19T20:25:35.478518 #34138] DEBUG -- : TIMETOKEN UPDATED
D, [2013-12-19T20:25:35.478616 #34138] DEBUG -- : SETTING CHANNELS
D, [2013-12-19T20:25:35.478677 #34138] DEBUG -- : SENDING SUBSCRIBE REQUEST
D, [2013-12-19T20:25:35.478739 #34138] DEBUG -- : ENCODING PATH
D, [2013-12-19T20:25:35.478824 #34138] DEBUG -- : /subscribe/demo/demo/0/13874847339123702
D, [2013-12-19T20:30:15.536176 #34138] DEBUG -- : GOT SUBSCRIBE RESPONSE
D, [2013-12-19T20:30:15.536702 #34138] DEBUG -- : GOT VALID JSON
D, [2013-12-19T20:30:15.536836 #34138] DEBUG -- : HANDLED RESPONSE
D, [2013-12-19T20:30:15.536906 #34138] DEBUG -- : TIMETOKEN UPDATED
D, [2013-12-19T20:30:15.809196 #34138] DEBUG -- : SETTING CHANNELS
D, [2013-12-19T20:30:15.809346 #34138] DEBUG -- : SENDING SUBSCRIBE REQUEST
D, [2013-12-19T20:30:15.809415 #34138] DEBUG -- : ENCODING PATH
D, [2013-12-19T20:30:15.810694 #34138] DEBUG -- : /subscribe/demo/demo/0/13874850139850097
D, [2013-12-19T20:34:57.073395 #34138] DEBUG -- : GOT SUBSCRIBE RESPONSE
D, [2013-12-19T20:34:57.074004 #34138] DEBUG -- : GOT VALID JSON
D, [2013-12-19T20:34:57.074112 #34138] DEBUG -- : HANDLED RESPONSE
D, [2013-12-19T20:34:57.074179 #34138] DEBUG -- : TIMETOKEN UPDATED
D, [2013-12-19T20:34:57.347137 #34138] DEBUG -- : SETTING CHANNELS
D, [2013-12-19T20:34:57.347297 #34138] DEBUG -- : SENDING SUBSCRIBE REQUEST
D, [2013-12-19T20:34:57.347367 #34138] DEBUG -- : ENCODING PATH
D, [2013-12-19T20:34:57.347461 #34138] DEBUG -- : /subscribe/demo/demo/0/13874852943220034
D, [2013-12-19T20:39:37.392698 #34138] DEBUG -- : GOT SUBSCRIBE RESPONSE
D, [2013-12-19T20:39:37.394888 #34138] DEBUG -- : GOT VALID JSON
D, [2013-12-19T20:39:37.395063 #34138] DEBUG -- : HANDLED RESPONSE
D, [2013-12-19T20:39:37.395743 #34138] DEBUG -- : TIMETOKEN UPDATED
D, [2013-12-19T20:39:37.486997 #34138] DEBUG -- : SETTING CHANNELS
D, [2013-12-19T20:39:37.487267 #34138] DEBUG -- : SENDING SUBSCRIBE REQUEST
D, [2013-12-19T20:39:37.487390 #34138] DEBUG -- : ENCODING PATH
D, [2013-12-19T20:39:37.487556 #34138] DEBUG -- : /subscribe/demo/demo/0/13874855758658594
D, [2013-12-19T20:44:17.517533 #34138] DEBUG -- : GOT SUBSCRIBE RESPONSE
D, [2013-12-19T20:44:17.518343 #34138] DEBUG -- : GOT VALID JSON
D, [2013-12-19T20:44:17.518623 #34138] DEBUG -- : HANDLED RESPONSE
D, [2013-12-19T20:44:17.518774 #34138] DEBUG -- : TIMETOKEN UPDATED
D, [2013-12-19T20:44:17.700674 #34138] DEBUG -- : SETTING CHANNELS
D, [2013-12-19T20:44:17.700941 #34138] DEBUG -- : SENDING SUBSCRIBE REQUEST
D, [2013-12-19T20:44:17.701298 #34138] DEBUG -- : ENCODING PATH
D, [2013-12-19T20:44:17.702078 #34138] DEBUG -- : /subscribe/demo/demo/0/13874858560054287
